<?xml version="1.0" encoding="UTF-8" ?>
<testsuite failures="1" time="65.983" errors="0" skipped="0" tests="1" name="TestSuite">
  <properties>
    <property name="java.runtime.name" value="Java(TM) SE Runtime Environment"/>
    <property name="sun.boot.library.path" value="/System/Library/Java/JavaVirtualMachines/1.6.0.jdk/Contents/Libraries"/>
    <property name="java.vm.version" value="20.45-b01-451"/>
    <property name="awt.nativeDoubleBuffering" value="true"/>
    <property name="gopherProxySet" value="false"/>
    <property name="mrj.build" value="11M4406"/>
    <property name="java.vm.vendor" value="Apple Inc."/>
    <property name="java.vendor.url" value="http://www.apple.com/"/>
    <property name="path.separator" value=":"/>
    <property name="guice.disable.misplaced.annotation.check" value="true"/>
    <property name="java.vm.name" value="Java HotSpot(TM) 64-Bit Server VM"/>
    <property name="file.encoding.pkg" value="sun.io"/>
    <property name="user.country" value="US"/>
    <property name="sun.java.launcher" value="SUN_STANDARD"/>
    <property name="sun.os.patch.level" value="unknown"/>
    <property name="java.vm.specification.name" value="Java Virtual Machine Specification"/>
    <property name="user.dir" value="/Users/rsunil/WorkSpace/galaxy"/>
    <property name="java.runtime.version" value="1.6.0_45-b06-451-11M4406"/>
    <property name="java.awt.graphicsenv" value="apple.awt.CGraphicsEnvironment"/>
    <property name="basedir" value="/Users/rsunil/WorkSpace/galaxy"/>
    <property name="java.endorsed.dirs" value="/System/Library/Java/JavaVirtualMachines/1.6.0.jdk/Contents/Home/lib/endorsed"/>
    <property name="os.arch" value="x86_64"/>
    <property name="java.io.tmpdir" value="/var/folders/nt/0nqy5g5x673gwz2fnqdc56vw0011kz/T/"/>
    <property name="apple.awt.graphics.UseOpenGL" value="false"/>
    <property name="line.separator" value="
"/>
    <property name="java.vm.specification.vendor" value="Sun Microsystems Inc."/>
    <property name="os.name" value="Mac OS X"/>
    <property name="classworlds.conf" value="/usr/share/maven/bin/m2.conf"/>
    <property name="sun.jnu.encoding" value="MacRoman"/>
    <property name="java.library.path" value=".:/Library/Java/Extensions:/System/Library/Java/Extensions:/usr/lib/java"/>
    <property name="surefire.test.class.path" value="/Users/rsunil/WorkSpace/galaxy/target/test-classes:/Users/rsunil/WorkSpace/galaxy/target/classes:/Users/rsunil/.m2/repository/org/seleniumhq/selenium/selenium-java/2.24.1/selenium-java-2.24.1.jar:/Users/rsunil/.m2/repository/org/seleniumhq/selenium/selenium-android-driver/2.24.1/selenium-android-driver-2.24.1.jar:/Users/rsunil/.m2/repository/org/seleniumhq/selenium/selenium-remote-driver/2.24.1/selenium-remote-driver-2.24.1.jar:/Users/rsunil/.m2/repository/cglib/cglib-nodep/2.1_3/cglib-nodep-2.1_3.jar:/Users/rsunil/.m2/repository/org/json/json/20080701/json-20080701.jar:/Users/rsunil/.m2/repository/org/seleniumhq/selenium/selenium-chrome-driver/2.24.1/selenium-chrome-driver-2.24.1.jar:/Users/rsunil/.m2/repository/org/seleniumhq/selenium/selenium-htmlunit-driver/2.24.1/selenium-htmlunit-driver-2.24.1.jar:/Users/rsunil/.m2/repository/org/seleniumhq/selenium/selenium-api/2.24.1/selenium-api-2.24.1.jar:/Users/rsunil/.m2/repository/net/sourceforge/htmlunit/htmlunit/2.9/htmlunit-2.9.jar:/Users/rsunil/.m2/repository/xalan/xalan/2.7.1/xalan-2.7.1.jar:/Users/rsunil/.m2/repository/xalan/serializer/2.7.1/serializer-2.7.1.jar:/Users/rsunil/.m2/repository/commons-collections/commons-collections/3.2.1/commons-collections-3.2.1.jar:/Users/rsunil/.m2/repository/commons-lang/commons-lang/2.6/commons-lang-2.6.jar:/Users/rsunil/.m2/repository/org/apache/httpcomponents/httpmime/4.1.2/httpmime-4.1.2.jar:/Users/rsunil/.m2/repository/net/sourceforge/htmlunit/htmlunit-core-js/2.9/htmlunit-core-js-2.9.jar:/Users/rsunil/.m2/repository/xerces/xercesImpl/2.9.1/xercesImpl-2.9.1.jar:/Users/rsunil/.m2/repository/xml-apis/xml-apis/1.3.04/xml-apis-1.3.04.jar:/Users/rsunil/.m2/repository/net/sourceforge/nekohtml/nekohtml/1.9.15/nekohtml-1.9.15.jar:/Users/rsunil/.m2/repository/net/sourceforge/cssparser/cssparser/0.9.5/cssparser-0.9.5.jar:/Users/rsunil/.m2/repository/org/w3c/css/sac/1.3/sac-1.3.jar:/Users/rsunil/.m2/repository/commons-logging/commons-logging/1.1.1/commons-logging-1.1.1.jar:/Users/rsunil/.m2/repository/org/apache/httpcomponents/httpclient/4.1.2/httpclient-4.1.2.jar:/Users/rsunil/.m2/repository/org/apache/httpcomponents/httpcore/4.1.2/httpcore-4.1.2.jar:/Users/rsunil/.m2/repository/org/seleniumhq/selenium/selenium-firefox-driver/2.24.1/selenium-firefox-driver-2.24.1.jar:/Users/rsunil/.m2/repository/commons-io/commons-io/2.0.1/commons-io-2.0.1.jar:/Users/rsunil/.m2/repository/org/seleniumhq/selenium/selenium-ie-driver/2.24.1/selenium-ie-driver-2.24.1.jar:/Users/rsunil/.m2/repository/net/java/dev/jna/jna/3.4.0/jna-3.4.0.jar:/Users/rsunil/.m2/repository/net/java/dev/jna/platform/3.4.0/platform-3.4.0.jar:/Users/rsunil/.m2/repository/org/seleniumhq/selenium/selenium-iphone-driver/2.24.1/selenium-iphone-driver-2.24.1.jar:/Users/rsunil/.m2/repository/org/seleniumhq/selenium/selenium-safari-driver/2.24.1/selenium-safari-driver-2.24.1.jar:/Users/rsunil/.m2/repository/org/seleniumhq/selenium/selenium-support/2.24.1/selenium-support-2.24.1.jar:/Users/rsunil/.m2/repository/org/webbitserver/webbit/0.4.6/webbit-0.4.6.jar:/Users/rsunil/.m2/repository/org/jboss/netty/netty/3.2.7.Final/netty-3.2.7.Final.jar:/Users/rsunil/.m2/repository/com/opera/operadriver/0.14/operadriver-0.14.jar:/Users/rsunil/.m2/repository/com/opera/operalaunchers/0.8/operalaunchers-0.8.jar:/Users/rsunil/.m2/repository/com/google/protobuf/protobuf-java/2.4.1/protobuf-java-2.4.1.jar:/Users/rsunil/.m2/repository/com/google/guava/guava/12.0/guava-12.0.jar:/Users/rsunil/.m2/repository/com/google/code/findbugs/jsr305/1.3.9/jsr305-1.3.9.jar:/Users/rsunil/.m2/repository/commons-jxpath/commons-jxpath/1.3/commons-jxpath-1.3.jar:/Users/rsunil/.m2/repository/org/apache/commons/commons-exec/1.1/commons-exec-1.1.jar:/Users/rsunil/.m2/repository/org/ini4j/ini4j/0.5.2/ini4j-0.5.2.jar:/Users/rsunil/.m2/repository/org/testng/testng/6.5.2/testng-6.5.2.jar:/Users/rsunil/.m2/repository/junit/junit/4.10/junit-4.10.jar:/Users/rsunil/.m2/repository/org/hamcrest/hamcrest-core/1.1/hamcrest-core-1.1.jar:/Users/rsunil/.m2/repository/org/beanshell/bsh/2.0b4/bsh-2.0b4.jar:/Users/rsunil/.m2/repository/com/beust/jcommander/1.12/jcommander-1.12.jar:/Users/rsunil/.m2/repository/org/yaml/snakeyaml/1.6/snakeyaml-1.6.jar:/Users/rsunil/.m2/repository/javax/mail/mail/1.4/mail-1.4.jar:/Users/rsunil/.m2/repository/javax/activation/activation/1.1.1/activation-1.1.1.jar:/Users/rsunil/.m2/repository/org/apache/poi/poi/3.8/poi-3.8.jar:/Users/rsunil/.m2/repository/commons-codec/commons-codec/1.5/commons-codec-1.5.jar:"/>
    <property name="java.specification.name" value="Java Platform API Specification"/>
    <property name="java.class.version" value="50.0"/>
    <property name="sun.management.compiler" value="HotSpot 64-Bit Tiered Compilers"/>
    <property name="os.version" value="10.8.4"/>
    <property name="user.home" value="/Users/rsunil"/>
    <property name="user.timezone" value="GMT+05:30"/>
    <property name="java.awt.printerjob" value="apple.awt.CPrinterJob"/>
    <property name="java.specification.version" value="1.6"/>
    <property name="file.encoding" value="MacRoman"/>
    <property name="user.name" value="rsunil"/>
    <property name="java.class.path" value="/usr/share/maven/boot/plexus-classworlds-2.4.jar"/>
    <property name="apple.awt.graphics.UseQuartz" value="true"/>
    <property name="java.vm.specification.version" value="1.0"/>
    <property name="sun.arch.data.model" value="64"/>
    <property name="java.home" value="/System/Library/Java/JavaVirtualMachines/1.6.0.jdk/Contents/Home"/>
    <property name="sun.java.command" value="org.codehaus.plexus.classworlds.launcher.Launcher package"/>
    <property name="java.specification.vendor" value="Sun Microsystems Inc."/>
    <property name="user.language" value="en"/>
    <property name="awt.toolkit" value="apple.awt.CToolkit"/>
    <property name="java.vm.info" value="mixed mode"/>
    <property name="java.version" value="1.6.0_45"/>
    <property name="java.ext.dirs" value="/Library/Java/Extensions:/System/Library/Java/Extensions:/System/Library/Java/JavaVirtualMachines/1.6.0.jdk/Contents/Home/lib/ext"/>
    <property name="sun.boot.class.path" value="/System/Library/Java/JavaVirtualMachines/1.6.0.jdk/Contents/Classes/jsfd.jar:/System/Library/Java/JavaVirtualMachines/1.6.0.jdk/Contents/Classes/classes.jar:/System/Library/Frameworks/JavaVM.framework/Frameworks/JavaRuntimeSupport.framework/Resources/Java/JavaRuntimeSupport.jar:/System/Library/Java/JavaVirtualMachines/1.6.0.jdk/Contents/Classes/ui.jar:/System/Library/Java/JavaVirtualMachines/1.6.0.jdk/Contents/Classes/laf.jar:/System/Library/Java/JavaVirtualMachines/1.6.0.jdk/Contents/Classes/sunrsasign.jar:/System/Library/Java/JavaVirtualMachines/1.6.0.jdk/Contents/Classes/jsse.jar:/System/Library/Java/JavaVirtualMachines/1.6.0.jdk/Contents/Classes/jce.jar:/System/Library/Java/JavaVirtualMachines/1.6.0.jdk/Contents/Classes/charsets.jar"/>
    <property name="java.vendor" value="Apple Inc."/>
    <property name="maven.home" value="/usr/share/maven"/>
    <property name="localRepository" value="/Users/rsunil/.m2/repository"/>
    <property name="file.separator" value="/"/>
    <property name="java.vendor.url.bug" value="http://bugreport.apple.com/"/>
    <property name="mail.smtp.host" value="smtp.yahoo.com"/>
    <property name="sun.cpu.endian" value="little"/>
    <property name="sun.io.unicode.encoding" value="UnicodeLittle"/>
    <property name="mrj.version" value="1070.1.6.0_45-451"/>
    <property name="sun.cpu.isalist" value=""/>
    <property name="sun.awt.exception.handler" value="apple.awt.CToolkit$EventQueueExceptionHandler"/>
  </properties>
  <testcase time="42.289" name="verifyMail">
    <failure message="Mail was not found expected:&amp;lt;true&amp;gt; but was:&amp;lt;false&amp;gt;" type="java.lang.AssertionError">java.lang.AssertionError: Mail was not found expected:&amp;lt;true&amp;gt; but was:&amp;lt;false&amp;gt;
	at org.testng.Assert.fail(Assert.java:89)
	at org.testng.Assert.failNotEquals(Assert.java:489)
	at org.testng.Assert.assertTrue(Assert.java:37)
	at yahoo.toolbar.webDriver.apps.mail.Mail.verifyMail(Mail.java:796)
</failure>
    <system-out>Sent message successfully....
org.openqa.selenium.NoSuchElementException: Unable to locate element: {&quot;method&quot;:&quot;xpath&quot;,&quot;selector&quot;:&quot;//*[@id=&apos;ymail-refresh-mail&apos;]/span/span&quot;}
Command duration or timeout: 10 milliseconds
For documentation on this error, please visit: http://seleniumhq.org/exceptions/no_such_element.html
Build info: version: &apos;2.24.1&apos;, revision: &apos;17205&apos;, time: &apos;2012-06-19 15:28:49&apos;
System info: os.name: &apos;Mac OS X&apos;, os.arch: &apos;x86_64&apos;, os.version: &apos;10.8.4&apos;, java.version: &apos;1.6.0_45&apos;
Driver info: driver.version: RemoteWebDriver
Session ID: a39c3f9e-f06f-e94b-9d7a-4cf04045bc85
</system-out>
  </testcase>
</testsuite>