<?xml version="1.0" encoding="UTF-8"?>
<!-- Generated by org.testng.reporters.JUnitReportReporter -->
<testsuite hostname="pleasurehall-l7" name="yahoo.toolbar.webDriver.apps.youTube.Test1" tests="3" failures="0" timestamp="17 Jul 2012 05:51:35 GMT" time="16.563" errors="0">
  <testcase name="test3" time="0.002" classname="yahoo.toolbar.webDriver.apps.youTube.Test1"/>
  <testcase name="test2" time="16.559" classname="yahoo.toolbar.webDriver.apps.youTube.Test1"/>
  <testcase name="test" time="0.002" classname="yahoo.toolbar.webDriver.apps.youTube.Test1"/>
</testsuite> <!-- yahoo.toolbar.webDriver.apps.youTube.Test1 -->
