<?xml version="1.0" encoding="UTF-8"?>
<!-- Generated by org.testng.reporters.JUnitReportReporter -->
<testsuite hostname="noodlequiet-lm" name="yahoo.toolbar.webDriver.apps.Weather.Weather" tests="2" failures="0" timestamp="27 Feb 2014 09:14:01 GMT" time="44.463" errors="0">
  <testcase name="addCity" time="28.395" classname="yahoo.toolbar.webDriver.apps.Weather.Weather"/>
  <testcase name="degreeCheck" time="16.068" classname="yahoo.toolbar.webDriver.apps.Weather.Weather"/>
</testsuite> <!-- yahoo.toolbar.webDriver.apps.Weather.Weather -->
