<?xml version="1.0" encoding="UTF-8"?>
<!-- Generated by org.testng.reporters.JUnitReportReporter -->
<testsuite hostname="pleasurehall-l7" name="yahoo.toolbar.webDriver.TestClass" tests="1" failures="0" timestamp="11 Jul 2012 13:16:55 GMT" time="12.643" errors="0">
  <testcase name="test" time="12.643" classname="yahoo.toolbar.webDriver.TestClass"/>
</testsuite>
