<?xml version="1.0" encoding="UTF-8"?>
<!-- Generated by org.testng.reporters.JUnitReportReporter -->
<testsuite hostname="noodlequiet-lm" name="yahoo.toolbar.webDriver.apps.Bookmarks.Bookmarks" tests="1" failures="0" timestamp="27 Feb 2014 09:41:48 GMT" time="99.937" errors="0">
  <testcase name="removeBookmarks" time="99.937" classname="yahoo.toolbar.webDriver.apps.Bookmarks.Bookmarks"/>
</testsuite> <!-- yahoo.toolbar.webDriver.apps.Bookmarks.Bookmarks -->
